<?xml version="1.0" encoding="UTF-8"?>
<!-- Generated by org.testng.reporters.JUnitReportReporter -->
<testsuite hostname="DESKTOP-4REFQ5G" failures="0" tests="1" name="entrata_Test.Functionalities_Validation" time="37.260" errors="0" timestamp="2024-02-07T18:46:38 IST" skipped="0">
  <testcase classname="entrata_Test.Functionalities_Validation" name="Functionalities" time="37.260">
    <system-out>
      <![CDATA[Launching Property Management Page 
Launching Marketing and Leasing Page 
Launching Accounting Page 
Launching Utilities Page 
TC is passed 
Taking screenshot
Saved screenshot at D:\Workspace_Eclipse\Use_of_Selenium_JavaEN_TC555_.png]]>
    </system-out>
  </testcase> <!-- Functionalities -->
  <system-out>
    <![CDATA[Launching browser 
Opening browser
Launching Property Management Page 
Launching Marketing and Leasing Page 
Launching Accounting Page 
Launching Utilities Page 
TC is passed 
Taking screenshot
Saved screenshot at D:\Workspace_Eclipse\Use_of_Selenium_JavaEN_TC555_.png
Closing browser ]]>
  </system-out>
</testsuite> <!-- entrata_Test.Functionalities_Validation -->
